<?xml version="1.0" encoding="UTF-8"?>
<!-- Generated by org.testng.reporters.JUnitReportReporter -->
<testsuite hostname="Naveen" failures="0" tests="1" name="sample.Git_practice" time="0.055" errors="0" timestamp="2025-02-06T19:26:38 IST" skipped="0">
  <testcase classname="sample.Git_practice" name="test" time="0.055"/>
</testsuite> <!-- sample.Git_practice -->
