<?xml version="1.0" encoding="UTF-8"?>
<!-- Generated by org.testng.reporters.JUnitReportReporter -->
<testsuite hostname="Naveen" failures="0" tests="1" name="Sample.Practice" time="0.039" errors="0" timestamp="2025-02-04T12:41:27 IST" skipped="0">
  <testcase classname="Sample.Practice" name="sample" time="0.039"/>
</testsuite> <!-- Sample.Practice -->
