<?xml version="1.0" encoding="UTF-8"?>
<!-- Generated by org.testng.reporters.JUnitReportReporter -->
<testsuite hostname="Naveen" failures="0" tests="1" name="Sample.demo" time="0.024" errors="0" timestamp="2025-02-06T12:51:05 IST" skipped="0">
  <testcase classname="Sample.demo" name="m8" time="0.024"/>
</testsuite> <!-- Sample.demo -->
